[debug] [2020-09-24T19:02:02.121Z] ----------------------------------------------------------------------
[debug] [2020-09-24T19:02:02.122Z] Command:       C:\Users\abdon\AppData\Local\nvs\node\10.22.1\x64\node.exe C:\Users\abdon\AppData\Local\Yarn\Data\global\node_modules\firebase-tools\lib\bin\firebase.js emulators:start --only functions
[debug] [2020-09-24T19:02:02.123Z] CLI Version:   8.6.0
[debug] [2020-09-24T19:02:02.123Z] Platform:      win32
[debug] [2020-09-24T19:02:02.123Z] Node Version:  v10.22.1
[debug] [2020-09-24T19:02:02.123Z] Time:          Thu Sep 24 2020 21:02:02 GMT+0200 (GMT+02:00)
[debug] [2020-09-24T19:02:02.123Z] ----------------------------------------------------------------------
[debug] [2020-09-24T19:02:02.124Z] 
[debug] [2020-09-24T19:02:02.131Z] > command requires scopes: ["email","openid","https://www.googleapis.com/auth/cloudplatformprojects.readonly","https://www.googleapis.com/auth/firebase","https://www.googleapis.com/auth/cloud-platform"]
[debug] [2020-09-24T19:02:02.132Z] > authorizing via signed-in user
[info] i  emulators: Starting emulators: functions {"metadata":{"emulator":{"name":"hub"},"message":"Starting emulators: functions"}}
[debug] [2020-09-24T19:02:04.154Z] [hub] writing locator at C:\Users\abdon\AppData\Local\Temp\hub-instaclone-gunter.json
[warn] !  functions: Your GOOGLE_APPLICATION_CREDENTIALS environment variable points to key.json . Non-emulated services will access production using these credentials. Be careful! {"metadata":{"emulator":{"name":"functions"},"message":"Your GOOGLE_APPLICATION_CREDENTIALS environment variable points to key.json . Non-emulated services will access production using these credentials. Be careful!"}}
[warn] !  functions: The following emulators are not running, calls to these services from the Functions emulator will affect production: firestore, database, hosting, pubsub {"metadata":{"emulator":{"name":"functions"},"message":"The following emulators are not running, calls to these services from the Functions emulator will affect production: \u001b[1mfirestore, database, hosting, pubsub\u001b[22m"}}
[info] +  functions: Using node@10 from host. {"metadata":{"emulator":{"name":"functions"},"message":"Using node@10 from host."}}
[debug] [2020-09-24T19:02:10.231Z] Ignoring unsupported arg: auto_download {"metadata":{"emulator":{"name":"ui"},"message":"Ignoring unsupported arg: auto_download"}}
[debug] [2020-09-24T19:02:10.231Z] Ignoring unsupported arg: port {"metadata":{"emulator":{"name":"ui"},"message":"Ignoring unsupported arg: port"}}
[debug] [2020-09-24T19:02:10.232Z] Starting Emulator UI with command {"binary":"node","args":["C:\\Users\\abdon\\.cache\\firebase\\emulators\\ui-v1.1.1\\server.bundle.js"],"optionalArgs":[],"joinArgs":false} {"metadata":{"emulator":{"name":"ui"},"message":"Starting Emulator UI with command {\"binary\":\"node\",\"args\":[\"C:\\\\Users\\\\abdon\\\\.cache\\\\firebase\\\\emulators\\\\ui-v1.1.1\\\\server.bundle.js\"],\"optionalArgs\":[],\"joinArgs\":false}"}}
[info] i  ui: Emulator UI logging to ui-debug.log {"metadata":{"emulator":{"name":"ui"},"message":"Emulator UI logging to \u001b[1mui-debug.log\u001b[22m"}}
[debug] [2020-09-24T19:02:10.369Z] Web / API server started at http://localhost:4000
 {"metadata":{"emulator":{"name":"ui"},"message":"Web / API server started at http://localhost:4000\n"}}
[info] i  functions: Watching "E:\DOCS\CURSOS\UDEMY\REACT y FIREBASE\instaclone\functions" for Cloud Functions... {"metadata":{"emulator":{"name":"functions"},"message":"Watching \"E:\\DOCS\\CURSOS\\UDEMY\\REACT y FIREBASE\\instaclone\\functions\" for Cloud Functions..."}}
[debug] [2020-09-24T19:02:10.758Z] [worker-pool] addWorker(~diagnostic~) {"metadata":{"emulator":{"name":"functions"},"message":"[worker-pool] addWorker(~diagnostic~)"}}
[debug] [2020-09-24T19:02:10.758Z] [worker-pool] Adding worker with key ~diagnostic~, total=1 {"metadata":{"emulator":{"name":"functions"},"message":"[worker-pool] Adding worker with key ~diagnostic~, total=1"}}
[debug] [2020-09-24T19:02:10.759Z] [worker-pool] submitWork(triggerId=) {"metadata":{"emulator":{"name":"functions"},"message":"[worker-pool] submitWork(triggerId=)"}}
[debug] [2020-09-24T19:02:10.759Z] [worker-~diagnostic~-31e05d62-7740-492a-a511-f319818c05f8]: Assigning socketPath: \\?\pipe\E:\DOCS\CURSOS\UDEMY\REACT y FIREBASE\instaclone\functions\6452 {"metadata":{"emulator":{"name":"functions"},"message":"[worker-~diagnostic~-31e05d62-7740-492a-a511-f319818c05f8]: Assigning socketPath: \\\\?\\pipe\\E:\\DOCS\\CURSOS\\UDEMY\\REACT y FIREBASE\\instaclone\\functions\\6452"}}
[debug] [2020-09-24T19:02:10.759Z] [worker-~diagnostic~-31e05d62-7740-492a-a511-f319818c05f8]: BUSY {"metadata":{"emulator":{"name":"functions"},"message":"[worker-~diagnostic~-31e05d62-7740-492a-a511-f319818c05f8]: BUSY"}}
[debug] [2020-09-24T19:02:11.121Z] [runtime-status] [6452] Functions runtime initialized. {"cwd":"E:\\DOCS\\CURSOS\\UDEMY\\REACT y FIREBASE\\instaclone\\functions","node_version":"10.22.1"} {"metadata":{"emulator":{"name":"functions"},"message":"[runtime-status] [6452] Functions runtime initialized. {\"cwd\":\"E:\\\\DOCS\\\\CURSOS\\\\UDEMY\\\\REACT y FIREBASE\\\\instaclone\\\\functions\",\"node_version\":\"10.22.1\"}"}}
[debug] [2020-09-24T19:02:11.122Z] [runtime-status] [6452] Disabled runtime features: undefined {"metadata":{"emulator":{"name":"functions"},"message":"[runtime-status] [6452] Disabled runtime features: undefined"}}
[debug] [2020-09-24T19:02:11.124Z] [runtime-status] [6452] Resolved module firebase-admin {"declared":true,"installed":true,"version":"8.13.0","resolution":"E:\\DOCS\\CURSOS\\UDEMY\\REACT y FIREBASE\\instaclone\\functions\\node_modules\\firebase-admin\\lib\\index.js"} {"metadata":{"emulator":{"name":"functions"},"message":"[runtime-status] [6452] Resolved module firebase-admin {\"declared\":true,\"installed\":true,\"version\":\"8.13.0\",\"resolution\":\"E:\\\\DOCS\\\\CURSOS\\\\UDEMY\\\\REACT y FIREBASE\\\\instaclone\\\\functions\\\\node_modules\\\\firebase-admin\\\\lib\\\\index.js\"}"}}
[debug] [2020-09-24T19:02:11.125Z] [runtime-status] [6452] Resolved module firebase-functions {"declared":true,"installed":true,"version":"3.11.0","resolution":"E:\\DOCS\\CURSOS\\UDEMY\\REACT y FIREBASE\\instaclone\\functions\\node_modules\\firebase-functions\\lib\\index.js"} {"metadata":{"emulator":{"name":"functions"},"message":"[runtime-status] [6452] Resolved module firebase-functions {\"declared\":true,\"installed\":true,\"version\":\"3.11.0\",\"resolution\":\"E:\\\\DOCS\\\\CURSOS\\\\UDEMY\\\\REACT y FIREBASE\\\\instaclone\\\\functions\\\\node_modules\\\\firebase-functions\\\\lib\\\\index.js\"}"}}
[debug] [2020-09-24T19:02:11.126Z] [runtime-status] [6452] Resolved module firebase-functions {"declared":true,"installed":true,"version":"3.11.0","resolution":"E:\\DOCS\\CURSOS\\UDEMY\\REACT y FIREBASE\\instaclone\\functions\\node_modules\\firebase-functions\\lib\\index.js"} {"metadata":{"emulator":{"name":"functions"},"message":"[runtime-status] [6452] Resolved module firebase-functions {\"declared\":true,\"installed\":true,\"version\":\"3.11.0\",\"resolution\":\"E:\\\\DOCS\\\\CURSOS\\\\UDEMY\\\\REACT y FIREBASE\\\\instaclone\\\\functions\\\\node_modules\\\\firebase-functions\\\\lib\\\\index.js\"}"}}
[debug] [2020-09-24T19:02:11.129Z] [runtime-status] [6452] Outgoing network have been stubbed. [{"name":"http","status":"mocked"},{"name":"http","status":"mocked"},{"name":"https","status":"mocked"},{"name":"https","status":"mocked"},{"name":"net","status":"mocked"}] {"metadata":{"emulator":{"name":"functions"},"message":"[runtime-status] [6452] Outgoing network have been stubbed. [{\"name\":\"http\",\"status\":\"mocked\"},{\"name\":\"http\",\"status\":\"mocked\"},{\"name\":\"https\",\"status\":\"mocked\"},{\"name\":\"https\",\"status\":\"mocked\"},{\"name\":\"net\",\"status\":\"mocked\"}]"}}
[debug] [2020-09-24T19:02:11.129Z] [runtime-status] [6452] Resolved module firebase-functions {"declared":true,"installed":true,"version":"3.11.0","resolution":"E:\\DOCS\\CURSOS\\UDEMY\\REACT y FIREBASE\\instaclone\\functions\\node_modules\\firebase-functions\\lib\\index.js"} {"metadata":{"emulator":{"name":"functions"},"message":"[runtime-status] [6452] Resolved module firebase-functions {\"declared\":true,\"installed\":true,\"version\":\"3.11.0\",\"resolution\":\"E:\\\\DOCS\\\\CURSOS\\\\UDEMY\\\\REACT y FIREBASE\\\\instaclone\\\\functions\\\\node_modules\\\\firebase-functions\\\\lib\\\\index.js\"}"}}
[debug] [2020-09-24T19:02:11.167Z] [runtime-status] [6452] Checked functions.config() {"config":{}} {"metadata":{"emulator":{"name":"functions"},"message":"[runtime-status] [6452] Checked functions.config() {\"config\":{}}"}}
[debug] [2020-09-24T19:02:11.167Z] [runtime-status] [6452] firebase-functions has been stubbed. {"functionsResolution":{"declared":true,"installed":true,"version":"3.11.0","resolution":"E:\\DOCS\\CURSOS\\UDEMY\\REACT y FIREBASE\\instaclone\\functions\\node_modules\\firebase-functions\\lib\\index.js"}} {"metadata":{"emulator":{"name":"functions"},"message":"[runtime-status] [6452] firebase-functions has been stubbed. {\"functionsResolution\":{\"declared\":true,\"installed\":true,\"version\":\"3.11.0\",\"resolution\":\"E:\\\\DOCS\\\\CURSOS\\\\UDEMY\\\\REACT y FIREBASE\\\\instaclone\\\\functions\\\\node_modules\\\\firebase-functions\\\\lib\\\\index.js\"}}"}}
[debug] [2020-09-24T19:02:11.167Z] [runtime-status] [6452] Resolved module firebase-functions {"declared":true,"installed":true,"version":"3.11.0","resolution":"E:\\DOCS\\CURSOS\\UDEMY\\REACT y FIREBASE\\instaclone\\functions\\node_modules\\firebase-functions\\lib\\index.js"} {"metadata":{"emulator":{"name":"functions"},"message":"[runtime-status] [6452] Resolved module firebase-functions {\"declared\":true,\"installed\":true,\"version\":\"3.11.0\",\"resolution\":\"E:\\\\DOCS\\\\CURSOS\\\\UDEMY\\\\REACT y FIREBASE\\\\instaclone\\\\functions\\\\node_modules\\\\firebase-functions\\\\lib\\\\index.js\"}"}}
[debug] [2020-09-24T19:02:11.168Z] [runtime-status] [6452] Resolved module firebase-admin {"declared":true,"installed":true,"version":"8.13.0","resolution":"E:\\DOCS\\CURSOS\\UDEMY\\REACT y FIREBASE\\instaclone\\functions\\node_modules\\firebase-admin\\lib\\index.js"} {"metadata":{"emulator":{"name":"functions"},"message":"[runtime-status] [6452] Resolved module firebase-admin {\"declared\":true,\"installed\":true,\"version\":\"8.13.0\",\"resolution\":\"E:\\\\DOCS\\\\CURSOS\\\\UDEMY\\\\REACT y FIREBASE\\\\instaclone\\\\functions\\\\node_modules\\\\firebase-admin\\\\lib\\\\index.js\"}"}}
[debug] [2020-09-24T19:02:11.168Z] [runtime-status] [6452] Resolved module firebase-functions {"declared":true,"installed":true,"version":"3.11.0","resolution":"E:\\DOCS\\CURSOS\\UDEMY\\REACT y FIREBASE\\instaclone\\functions\\node_modules\\firebase-functions\\lib\\index.js"} {"metadata":{"emulator":{"name":"functions"},"message":"[runtime-status] [6452] Resolved module firebase-functions {\"declared\":true,\"installed\":true,\"version\":\"3.11.0\",\"resolution\":\"E:\\\\DOCS\\\\CURSOS\\\\UDEMY\\\\REACT y FIREBASE\\\\instaclone\\\\functions\\\\node_modules\\\\firebase-functions\\\\lib\\\\index.js\"}"}}
[debug] [2020-09-24T19:02:11.168Z] [runtime-status] [6452] firebase-admin has been stubbed. {"adminResolution":{"declared":true,"installed":true,"version":"8.13.0","resolution":"E:\\DOCS\\CURSOS\\UDEMY\\REACT y FIREBASE\\instaclone\\functions\\node_modules\\firebase-admin\\lib\\index.js"}} {"metadata":{"emulator":{"name":"functions"},"message":"[runtime-status] [6452] firebase-admin has been stubbed. {\"adminResolution\":{\"declared\":true,\"installed\":true,\"version\":\"8.13.0\",\"resolution\":\"E:\\\\DOCS\\\\CURSOS\\\\UDEMY\\\\REACT y FIREBASE\\\\instaclone\\\\functions\\\\node_modules\\\\firebase-admin\\\\lib\\\\index.js\"}}"}}
[warn] !  Error: Failed to read credentials from file key.json : Error: ENOENT: no such file or directory, open 'key.json '
    at FirebaseAppError.FirebaseError [as constructor] (E:\DOCS\CURSOS\UDEMY\REACT y FIREBASE\instaclone\functions\node_modules\firebase-admin\lib\utils\error.js:42:28)
    at FirebaseAppError.PrefixedFirebaseError [as constructor] (E:\DOCS\CURSOS\UDEMY\REACT y FIREBASE\instaclone\functions\node_modules\firebase-admin\lib\utils\error.js:88:28)
    at new FirebaseAppError (E:\DOCS\CURSOS\UDEMY\REACT y FIREBASE\instaclone\functions\node_modules\firebase-admin\lib\utils\error.js:123:28)
    at readCredentialFile (E:\DOCS\CURSOS\UDEMY\REACT y FIREBASE\instaclone\functions\node_modules\firebase-admin\lib\auth\credential.js:383:15)
    at credentialFromFile (E:\DOCS\CURSOS\UDEMY\REACT y FIREBASE\instaclone\functions\node_modules\firebase-admin\lib\auth\credential.js:362:27)
    at Object.getApplicationDefault (E:\DOCS\CURSOS\UDEMY\REACT y FIREBASE\instaclone\functions\node_modules\firebase-admin\lib\auth\credential.js:281:16)
    at Object.applicationDefault (E:\DOCS\CURSOS\UDEMY\REACT y FIREBASE\instaclone\functions\node_modules\firebase-admin\lib\firebase-namespace.js:232:49)
    at Object.<anonymous> (E:\DOCS\CURSOS\UDEMY\REACT y FIREBASE\instaclone\functions\lib\createServer.js:6:34)
    at Module._compile (internal/modules/cjs/loader.js:778:30)
    at Object.Module._extensions..js (internal/modules/cjs/loader.js:789:10) {"metadata":{"emulator":{"name":"functions"},"message":"Error: Failed to read credentials from file key.json : Error: ENOENT: no such file or directory, open 'key.json '\n    at FirebaseAppError.FirebaseError [as constructor] (E:\\DOCS\\CURSOS\\UDEMY\\REACT y FIREBASE\\instaclone\\functions\\node_modules\\firebase-admin\\lib\\utils\\error.js:42:28)\n    at FirebaseAppError.PrefixedFirebaseError [as constructor] (E:\\DOCS\\CURSOS\\UDEMY\\REACT y FIREBASE\\instaclone\\functions\\node_modules\\firebase-admin\\lib\\utils\\error.js:88:28)\n    at new FirebaseAppError (E:\\DOCS\\CURSOS\\UDEMY\\REACT y FIREBASE\\instaclone\\functions\\node_modules\\firebase-admin\\lib\\utils\\error.js:123:28)\n    at readCredentialFile (E:\\DOCS\\CURSOS\\UDEMY\\REACT y FIREBASE\\instaclone\\functions\\node_modules\\firebase-admin\\lib\\auth\\credential.js:383:15)\n    at credentialFromFile (E:\\DOCS\\CURSOS\\UDEMY\\REACT y FIREBASE\\instaclone\\functions\\node_modules\\firebase-admin\\lib\\auth\\credential.js:362:27)\n    at Object.getApplicationDefault (E:\\DOCS\\CURSOS\\UDEMY\\REACT y FIREBASE\\instaclone\\functions\\node_modules\\firebase-admin\\lib\\auth\\credential.js:281:16)\n    at Object.applicationDefault (E:\\DOCS\\CURSOS\\UDEMY\\REACT y FIREBASE\\instaclone\\functions\\node_modules\\firebase-admin\\lib\\firebase-namespace.js:232:49)\n    at Object.<anonymous> (E:\\DOCS\\CURSOS\\UDEMY\\REACT y FIREBASE\\instaclone\\functions\\lib\\createServer.js:6:34)\n    at Module._compile (internal/modules/cjs/loader.js:778:30)\n    at Object.Module._extensions..js (internal/modules/cjs/loader.js:789:10)"}}
[warn] !  We were unable to load your functions code. (see above)
   - It appears your code is written in Typescript, which must be compiled before emulation.
   - You may be able to run "npm run build" in your functions directory to resolve this. {"metadata":{"emulator":{"name":"functions"}}}
[debug] [2020-09-24T19:02:11.266Z] [worker-~diagnostic~-31e05d62-7740-492a-a511-f319818c05f8]: exited {"metadata":{"emulator":{"name":"functions"},"message":"[worker-~diagnostic~-31e05d62-7740-492a-a511-f319818c05f8]: exited"}}
[debug] [2020-09-24T19:02:11.266Z] [worker-~diagnostic~-31e05d62-7740-492a-a511-f319818c05f8]: FINISHED {"metadata":{"emulator":{"name":"functions"},"message":"[worker-~diagnostic~-31e05d62-7740-492a-a511-f319818c05f8]: FINISHED"}}
[debug] [2020-09-24T19:05:14.878Z] [work-queue] {"queueLength":1,"workRunningCount":0}
[debug] [2020-09-24T19:05:14.878Z] [work-queue] {"queueLength":0,"workRunningCount":1}
[debug] [2020-09-24T19:05:14.880Z] FirebaseError: No trigger with name api {"metadata":{"emulator":{"name":"functions"},"message":{"name":"FirebaseError","children":[],"exit":1,"message":"No trigger with name api","status":500}}}
[debug] [2020-09-24T19:05:14.880Z] [work-queue] {"queueLength":0,"workRunningCount":0}
[debug] [2020-09-24T19:05:50.166Z] [work-queue] {"queueLength":1,"workRunningCount":0}
[debug] [2020-09-24T19:05:50.167Z] [work-queue] {"queueLength":0,"workRunningCount":1}
[debug] [2020-09-24T19:05:50.167Z] FirebaseError: No trigger with name api {"metadata":{"emulator":{"name":"functions"},"message":{"name":"FirebaseError","children":[],"exit":1,"message":"No trigger with name api","status":500}}}
[debug] [2020-09-24T19:05:50.167Z] [work-queue] {"queueLength":0,"workRunningCount":0}
[debug] [2020-09-24T19:07:50.471Z] [work-queue] {"queueLength":1,"workRunningCount":0}
[debug] [2020-09-24T19:07:50.471Z] [work-queue] {"queueLength":0,"workRunningCount":1}
[debug] [2020-09-24T19:07:50.471Z] FirebaseError: No trigger with name api {"metadata":{"emulator":{"name":"functions"},"message":{"name":"FirebaseError","children":[],"exit":1,"message":"No trigger with name api","status":500}}}
[debug] [2020-09-24T19:07:50.471Z] [work-queue] {"queueLength":0,"workRunningCount":0}
